

times in msec
 clock   self+sourced   self:  sourced script
 clock   elapsed:              other lines

000.009  000.009: --- NVIM STARTING ---
000.343  000.335: locale set
000.671  000.328: inits 1
000.684  000.012: window checked
000.687  000.003: parsing arguments
000.772  000.085: expanding arguments
000.817  000.045: inits 2
001.237  000.420: init highlight
001.239  000.002: waiting for UI
003.343  002.104: done waiting for UI
003.400  000.057: initialized screen early for UI
003.613  000.213: sourcing vimrc file(s)
003.639  000.026: inits 3
006.268  002.629: reading ShaDa
006.990  000.722: opening buffers
006.993  000.003: BufEnter autocommands
006.995  000.002: editing files in windows
006.998  000.003: VimEnter autocommands
007.000  000.001: UIEnter autocommands
007.001  000.001: before starting main loop
008.078  001.076: first screen update
008.081  000.003: --- NVIM STARTED ---
