

times in msec
 clock   self+sourced   self:  sourced script
 clock   elapsed:              other lines

000.005  000.005: --- NVIM STARTING ---
000.399  000.394: locale set
000.820  000.421: inits 1
000.836  000.016: window checked
000.838  000.003: parsing arguments
000.924  000.085: expanding arguments
000.974  000.050: inits 2
001.348  000.374: init highlight
001.350  000.002: waiting for UI
003.017  001.667: done waiting for UI
003.072  000.055: initialized screen early for UI
029.092  025.409  025.409: sourcing /home/pgrogan/.config/nvim/init.lua
029.116  000.635: sourcing vimrc file(s)
035.218  000.017  000.017: sourcing /home/pgrogan/.local/share/nvim/site/pack/packer/start/nvim-treesitter/ftdetect/gdscript.vim
035.303  000.019  000.019: sourcing /home/pgrogan/.local/share/nvim/site/pack/packer/start/nvim-treesitter/ftdetect/gomod.vim
035.426  000.041  000.041: sourcing /home/pgrogan/.local/share/nvim/site/pack/packer/start/nvim-treesitter/ftdetect/query.vim
035.537  000.017  000.017: sourcing /home/pgrogan/.local/share/nvim/site/pack/packer/start/orgmode.nvim/ftdetect/org.vim
035.616  000.013  000.013: sourcing /home/pgrogan/.local/share/nvim/site/pack/packer/start/orgmode.nvim/ftdetect/org_archive.vim
035.716  000.022  000.022: sourcing /home/pgrogan/.local/share/nvim/site/pack/packer/start/vim-fugitive/ftdetect/fugitive.vim
036.818  007.570  007.441: sourcing /home/pgrogan/.local/bin/neovim/share/nvim/runtime/filetype.vim
037.537  000.063  000.063: sourcing /home/pgrogan/.local/bin/neovim/share/nvim/runtime/ftplugin.vim
038.178  000.058  000.058: sourcing /home/pgrogan/.local/bin/neovim/share/nvim/runtime/indent.vim
039.490  000.374  000.374: sourcing /home/pgrogan/.local/bin/neovim/share/nvim/runtime/syntax/syncolor.vim
040.133  001.197  000.824: sourcing /home/pgrogan/.local/bin/neovim/share/nvim/runtime/syntax/synload.vim
040.246  001.493  000.296: sourcing /home/pgrogan/.local/bin/neovim/share/nvim/runtime/syntax/syntax.vim
046.321  000.407  000.407: sourcing /home/pgrogan/.local/bin/neovim/share/nvim/runtime/plugin/gzip.vim
046.435  000.020  000.020: sourcing /home/pgrogan/.local/bin/neovim/share/nvim/runtime/plugin/health.vim
046.620  000.105  000.105: sourcing /home/pgrogan/.local/bin/neovim/share/nvim/runtime/plugin/man.vim
048.681  000.181  000.181: sourcing /home/pgrogan/.local/bin/neovim/share/nvim/runtime/pack/dist/opt/matchit/plugin/matchit.vim
048.869  002.158  001.977: sourcing /home/pgrogan/.local/bin/neovim/share/nvim/runtime/plugin/matchit.vim
049.118  000.157  000.157: sourcing /home/pgrogan/.local/bin/neovim/share/nvim/runtime/plugin/matchparen.vim
049.643  000.440  000.440: sourcing /home/pgrogan/.local/bin/neovim/share/nvim/runtime/plugin/netrwPlugin.vim
049.964  000.016  000.016: sourcing /home/pgrogan/.local/share/nvim/rplugin.vim
049.975  000.227  000.211: sourcing /home/pgrogan/.local/bin/neovim/share/nvim/runtime/plugin/rplugin.vim
050.184  000.124  000.124: sourcing /home/pgrogan/.local/bin/neovim/share/nvim/runtime/plugin/shada.vim
050.315  000.035  000.035: sourcing /home/pgrogan/.local/bin/neovim/share/nvim/runtime/plugin/spellfile.vim
050.584  000.166  000.166: sourcing /home/pgrogan/.local/bin/neovim/share/nvim/runtime/plugin/tarPlugin.vim
050.767  000.083  000.083: sourcing /home/pgrogan/.local/bin/neovim/share/nvim/runtime/plugin/tohtml.vim
050.888  000.030  000.030: sourcing /home/pgrogan/.local/bin/neovim/share/nvim/runtime/plugin/tutor.vim
051.265  000.277  000.277: sourcing /home/pgrogan/.local/bin/neovim/share/nvim/runtime/plugin/zipPlugin.vim
054.093  000.220  000.220: sourcing /home/pgrogan/.local/bin/neovim/share/nvim/runtime/syntax/syncolor.vim
055.119  000.140  000.140: sourcing /home/pgrogan/.local/bin/neovim/share/nvim/runtime/syntax/syncolor.vim
055.983  000.170  000.170: sourcing /home/pgrogan/.local/bin/neovim/share/nvim/runtime/syntax/syncolor.vim
060.345  000.170  000.170: sourcing /home/pgrogan/.local/bin/neovim/share/nvim/runtime/syntax/syncolor.vim
061.614  000.177  000.177: sourcing /home/pgrogan/.local/bin/neovim/share/nvim/runtime/syntax/syncolor.vim
062.398  000.159  000.159: sourcing /home/pgrogan/.local/bin/neovim/share/nvim/runtime/syntax/syncolor.vim
064.082  006.111  005.605: sourcing /home/pgrogan/.local/share/nvim/site/pack/packer/start/material.nvim/colors/material.vim
064.093  012.502  005.861: sourcing /home/pgrogan/.config/nvim/plugin/coloscheme.lua
064.241  000.044  000.044: sourcing /home/pgrogan/.config/nvim/plugin/dashboard.lua
065.546  001.229  001.229: sourcing /home/pgrogan/.config/nvim/plugin/galaxyline.lua
073.378  007.751  007.751: sourcing /home/pgrogan/.config/nvim/plugin/git.lua
085.014  011.480  011.480: sourcing /home/pgrogan/.config/nvim/plugin/lsp.lua
085.199  000.069  000.069: sourcing /home/pgrogan/.config/nvim/plugin/navigation.lua
085.701  000.403  000.403: sourcing /home/pgrogan/.config/nvim/plugin/nvimtree.lua
087.395  001.604  001.604: sourcing /home/pgrogan/.config/nvim/plugin/packer_compiled.lua
087.721  000.213  000.213: sourcing /home/pgrogan/.config/nvim/plugin/sets.lua
089.140  000.397  000.397: sourcing /home/pgrogan/.local/share/nvim/site/pack/packer/start/vim-which-key/autoload/which_key.vim
089.190  001.371  000.974: sourcing /home/pgrogan/.config/nvim/plugin/whichkey.lua
089.537  010.341: loading plugins
090.547  000.025  000.025: sourcing /home/pgrogan/.local/share/nvim/site/pack/packer/start/barbar.nvim/autoload/bufferline.vim
091.210  000.061  000.061: sourcing /home/pgrogan/.local/share/nvim/site/pack/packer/start/barbar.nvim/autoload/bufferline/highlight.vim
097.400  007.363  007.278: sourcing /home/pgrogan/.local/share/nvim/site/pack/packer/start/barbar.nvim/plugin/bufferline.vim
098.087  000.344  000.344: sourcing /home/pgrogan/.local/share/nvim/site/pack/packer/start/dashboard-nvim/plugin/dashboard.vim
098.599  000.198  000.198: sourcing /home/pgrogan/.local/share/nvim/site/pack/packer/start/galaxyline.nvim/plugin/galaxyline.vim
099.303  000.395  000.395: sourcing /home/pgrogan/.local/share/nvim/site/pack/packer/start/lspsaga.nvim/plugin/lspsaga.vim
099.722  000.050  000.050: sourcing /home/pgrogan/.local/share/nvim/site/pack/packer/start/nvim-colorizer.lua/plugin/colorizer.vim
100.309  000.209  000.209: sourcing /home/pgrogan/.local/share/nvim/site/pack/packer/start/nvim-compe/plugin/compe.vim
100.811  000.132  000.132: sourcing /home/pgrogan/.local/share/nvim/site/pack/packer/start/nvim-lspconfig/plugin/lspconfig.vim
101.235  000.051  000.051: sourcing /home/pgrogan/.local/share/nvim/site/pack/packer/start/nvim-lspinstall/plugin/lspinstall.vim
101.671  000.145  000.145: sourcing /home/pgrogan/.local/share/nvim/site/pack/packer/start/nvim-tree.lua/plugin/tree.vim
104.115  002.124  002.124: sourcing /home/pgrogan/.local/share/nvim/site/pack/packer/start/nvim-treesitter/plugin/nvim-treesitter.vim
104.362  000.026  000.026: sourcing /home/pgrogan/.local/share/nvim/site/pack/packer/start/nvim-treesitter/ftdetect/gdscript.vim
104.478  000.022  000.022: sourcing /home/pgrogan/.local/share/nvim/site/pack/packer/start/nvim-treesitter/ftdetect/gomod.vim
104.595  000.028  000.028: sourcing /home/pgrogan/.local/share/nvim/site/pack/packer/start/nvim-treesitter/ftdetect/query.vim
105.044  000.230  000.230: sourcing /home/pgrogan/.local/share/nvim/site/pack/packer/start/nvim-ts-rainbow/plugin/rainbow.vim
105.369  000.042  000.042: sourcing /home/pgrogan/.local/share/nvim/site/pack/packer/start/nvim-web-devicons/plugin/nvim-web-devicons.vim
105.749  000.018  000.018: sourcing /home/pgrogan/.local/share/nvim/site/pack/packer/start/orgmode.nvim/ftdetect/org.vim
105.838  000.015  000.015: sourcing /home/pgrogan/.local/share/nvim/site/pack/packer/start/orgmode.nvim/ftdetect/org_archive.vim
106.165  000.061  000.061: sourcing /home/pgrogan/.local/share/nvim/site/pack/packer/start/plenary.nvim/plugin/plenary.vim
106.819  000.347  000.347: sourcing /home/pgrogan/.local/share/nvim/site/pack/packer/start/telescope.nvim/plugin/telescope.vim
107.115  000.027  000.027: sourcing /home/pgrogan/.local/share/nvim/site/pack/packer/start/todo-comments.nvim/plugin/todo.vim
108.960  001.522  001.522: sourcing /home/pgrogan/.local/share/nvim/site/pack/packer/start/vim-fugitive/plugin/fugitive.vim
109.249  000.024  000.024: sourcing /home/pgrogan/.local/share/nvim/site/pack/packer/start/vim-fugitive/ftdetect/fugitive.vim
109.671  000.157  000.157: sourcing /home/pgrogan/.local/share/nvim/site/pack/packer/start/vim-which-key/plugin/which_key.vim
109.975  006.908: loading packages
115.523  005.387  005.387: sourcing /home/pgrogan/.local/share/nvim/site/pack/packer/start/nvim-compe/after/plugin/compe.vim
116.049  000.687: loading after plugins
116.067  000.018: inits 3
119.677  003.610: reading ShaDa
121.054  001.376: opening buffers
136.920  015.867: BufEnter autocommands
136.932  000.012: editing files in windows
139.500  000.138  000.138: sourcing /home/pgrogan/.local/share/nvim/site/pack/packer/start/dashboard-nvim/autoload/dashboard.vim
140.010  000.050  000.050: sourcing /home/pgrogan/.local/share/nvim/site/pack/packer/start/barbar.nvim/autoload/bufferline/animate.vim
140.599  000.026  000.026: sourcing /home/pgrogan/.local/share/nvim/site/pack/packer/start/dashboard-nvim/autoload/dashboard/utils.vim
140.859  000.061  000.061: sourcing /home/pgrogan/.local/share/nvim/site/pack/packer/start/dashboard-nvim/autoload/dashboard/header.vim
141.879  000.143  000.143: sourcing /home/pgrogan/.local/share/nvim/site/pack/packer/start/dashboard-nvim/autoload/dashboard/section.vim
148.520  005.492  005.492: sourcing /home/pgrogan/.local/bin/neovim/share/nvim/runtime/autoload/provider/clipboard.vim
155.758  000.256  000.256: sourcing /home/pgrogan/.local/share/nvim/site/pack/packer/start/dashboard-nvim/syntax/dashboard.vim
156.227  000.021  000.021: sourcing /home/pgrogan/.local/share/nvim/site/pack/packer/start/dashboard-nvim/syntax/dashboard.vim
157.858  014.740: VimEnter autocommands
157.863  000.005: UIEnter autocommands
157.867  000.004: before starting main loop
160.804  002.937: first screen update
160.809  000.005: --- NVIM STARTED ---


times in msec
 clock   self+sourced   self:  sourced script
 clock   elapsed:              other lines

000.008  000.008: --- NVIM STARTING ---
000.364  000.356: locale set
000.836  000.472: inits 1
000.851  000.015: window checked
000.855  000.004: parsing arguments
000.951  000.096: expanding arguments
001.005  000.054: inits 2
001.449  000.443: init highlight
001.452  000.003: waiting for UI
003.693  002.241: done waiting for UI
003.740  000.047: initialized screen early for UI
032.465  028.339  028.339: sourcing /home/pgrogan/.config/nvim/init.lua
032.497  000.418: sourcing vimrc file(s)
038.839  000.021  000.021: sourcing /home/pgrogan/.local/share/nvim/site/pack/packer/start/nvim-treesitter/ftdetect/gdscript.vim
038.948  000.019  000.019: sourcing /home/pgrogan/.local/share/nvim/site/pack/packer/start/nvim-treesitter/ftdetect/gomod.vim
039.062  000.031  000.031: sourcing /home/pgrogan/.local/share/nvim/site/pack/packer/start/nvim-treesitter/ftdetect/query.vim
039.162  000.017  000.017: sourcing /home/pgrogan/.local/share/nvim/site/pack/packer/start/orgmode.nvim/ftdetect/org.vim
039.263  000.018  000.018: sourcing /home/pgrogan/.local/share/nvim/site/pack/packer/start/orgmode.nvim/ftdetect/org_archive.vim
039.445  000.025  000.025: sourcing /home/pgrogan/.local/share/nvim/site/pack/packer/start/vim-fugitive/ftdetect/fugitive.vim
040.263  007.617  007.486: sourcing /home/pgrogan/.local/bin/neovim/share/nvim/runtime/filetype.vim
040.745  000.054  000.054: sourcing /home/pgrogan/.local/bin/neovim/share/nvim/runtime/ftplugin.vim
041.324  000.037  000.037: sourcing /home/pgrogan/.local/bin/neovim/share/nvim/runtime/indent.vim
046.353  004.454  004.454: sourcing /home/pgrogan/.local/bin/neovim/share/nvim/runtime/syntax/syncolor.vim
046.850  005.064  000.610: sourcing /home/pgrogan/.local/bin/neovim/share/nvim/runtime/syntax/synload.vim
046.951  005.273  000.209: sourcing /home/pgrogan/.local/bin/neovim/share/nvim/runtime/syntax/syntax.vim
052.438  000.400  000.400: sourcing /home/pgrogan/.local/bin/neovim/share/nvim/runtime/plugin/gzip.vim
052.550  000.021  000.021: sourcing /home/pgrogan/.local/bin/neovim/share/nvim/runtime/plugin/health.vim
052.745  000.113  000.113: sourcing /home/pgrogan/.local/bin/neovim/share/nvim/runtime/plugin/man.vim
054.518  000.191  000.191: sourcing /home/pgrogan/.local/bin/neovim/share/nvim/runtime/pack/dist/opt/matchit/plugin/matchit.vim
054.672  001.842  001.652: sourcing /home/pgrogan/.local/bin/neovim/share/nvim/runtime/plugin/matchit.vim
054.921  000.160  000.160: sourcing /home/pgrogan/.local/bin/neovim/share/nvim/runtime/plugin/matchparen.vim
055.423  000.421  000.421: sourcing /home/pgrogan/.local/bin/neovim/share/nvim/runtime/plugin/netrwPlugin.vim
055.744  000.020  000.020: sourcing /home/pgrogan/.local/share/nvim/rplugin.vim
055.754  000.234  000.214: sourcing /home/pgrogan/.local/bin/neovim/share/nvim/runtime/plugin/rplugin.vim
055.953  000.134  000.134: sourcing /home/pgrogan/.local/bin/neovim/share/nvim/runtime/plugin/shada.vim
056.092  000.045  000.045: sourcing /home/pgrogan/.local/bin/neovim/share/nvim/runtime/plugin/spellfile.vim
056.354  000.188  000.188: sourcing /home/pgrogan/.local/bin/neovim/share/nvim/runtime/plugin/tarPlugin.vim
056.524  000.077  000.077: sourcing /home/pgrogan/.local/bin/neovim/share/nvim/runtime/plugin/tohtml.vim
056.614  000.021  000.021: sourcing /home/pgrogan/.local/bin/neovim/share/nvim/runtime/plugin/tutor.vim
056.882  000.202  000.202: sourcing /home/pgrogan/.local/bin/neovim/share/nvim/runtime/plugin/zipPlugin.vim
060.075  000.243  000.243: sourcing /home/pgrogan/.local/bin/neovim/share/nvim/runtime/syntax/syncolor.vim
061.108  000.140  000.140: sourcing /home/pgrogan/.local/bin/neovim/share/nvim/runtime/syntax/syncolor.vim
061.855  000.120  000.120: sourcing /home/pgrogan/.local/bin/neovim/share/nvim/runtime/syntax/syncolor.vim
066.375  000.234  000.234: sourcing /home/pgrogan/.local/bin/neovim/share/nvim/runtime/syntax/syncolor.vim
067.428  000.141  000.141: sourcing /home/pgrogan/.local/bin/neovim/share/nvim/runtime/syntax/syncolor.vim
068.199  000.155  000.155: sourcing /home/pgrogan/.local/bin/neovim/share/nvim/runtime/syntax/syncolor.vim
069.720  005.816  005.286: sourcing /home/pgrogan/.local/share/nvim/site/pack/packer/start/material.nvim/colors/material.vim
069.731  012.539  006.220: sourcing /home/pgrogan/.config/nvim/plugin/coloscheme.lua
069.904  000.069  000.069: sourcing /home/pgrogan/.config/nvim/plugin/dashboard.lua
071.254  001.251  001.251: sourcing /home/pgrogan/.config/nvim/plugin/galaxyline.lua
080.543  009.199  009.199: sourcing /home/pgrogan/.config/nvim/plugin/git.lua
093.979  013.252  013.252: sourcing /home/pgrogan/.config/nvim/plugin/lsp.lua
094.172  000.072  000.072: sourcing /home/pgrogan/.config/nvim/plugin/navigation.lua
096.542  002.290  002.290: sourcing /home/pgrogan/.config/nvim/plugin/nvimtree.lua
098.350  001.711  001.711: sourcing /home/pgrogan/.config/nvim/plugin/packer_compiled.lua
098.825  000.322  000.322: sourcing /home/pgrogan/.config/nvim/plugin/sets.lua
100.440  000.255  000.255: sourcing /home/pgrogan/.local/share/nvim/site/pack/packer/start/vim-which-key/autoload/which_key.vim
100.490  001.538  001.283: sourcing /home/pgrogan/.config/nvim/plugin/whichkey.lua
100.975  009.398: loading plugins
102.063  000.023  000.023: sourcing /home/pgrogan/.local/share/nvim/site/pack/packer/start/barbar.nvim/autoload/bufferline.vim
102.708  000.059  000.059: sourcing /home/pgrogan/.local/share/nvim/site/pack/packer/start/barbar.nvim/autoload/bufferline/highlight.vim
108.928  007.354  007.272: sourcing /home/pgrogan/.local/share/nvim/site/pack/packer/start/barbar.nvim/plugin/bufferline.vim
109.982  000.590  000.590: sourcing /home/pgrogan/.local/share/nvim/site/pack/packer/start/dashboard-nvim/plugin/dashboard.vim
110.626  000.288  000.288: sourcing /home/pgrogan/.local/share/nvim/site/pack/packer/start/galaxyline.nvim/plugin/galaxyline.vim
111.288  000.326  000.326: sourcing /home/pgrogan/.local/share/nvim/site/pack/packer/start/lspsaga.nvim/plugin/lspsaga.vim
111.733  000.058  000.058: sourcing /home/pgrogan/.local/share/nvim/site/pack/packer/start/nvim-colorizer.lua/plugin/colorizer.vim
112.202  000.164  000.164: sourcing /home/pgrogan/.local/share/nvim/site/pack/packer/start/nvim-compe/plugin/compe.vim
112.581  000.107  000.107: sourcing /home/pgrogan/.local/share/nvim/site/pack/packer/start/nvim-lspconfig/plugin/lspconfig.vim
112.901  000.047  000.047: sourcing /home/pgrogan/.local/share/nvim/site/pack/packer/start/nvim-lspinstall/plugin/lspinstall.vim
115.712  002.558  002.558: sourcing /home/pgrogan/.local/share/nvim/site/pack/packer/start/nvim-treesitter/plugin/nvim-treesitter.vim
116.003  000.024  000.024: sourcing /home/pgrogan/.local/share/nvim/site/pack/packer/start/nvim-treesitter/ftdetect/gdscript.vim
116.131  000.027  000.027: sourcing /home/pgrogan/.local/share/nvim/site/pack/packer/start/nvim-treesitter/ftdetect/gomod.vim
116.264  000.036  000.036: sourcing /home/pgrogan/.local/share/nvim/site/pack/packer/start/nvim-treesitter/ftdetect/query.vim
116.829  000.287  000.287: sourcing /home/pgrogan/.local/share/nvim/site/pack/packer/start/nvim-ts-rainbow/plugin/rainbow.vim
117.331  000.019  000.019: sourcing /home/pgrogan/.local/share/nvim/site/pack/packer/start/orgmode.nvim/ftdetect/org.vim
117.442  000.019  000.019: sourcing /home/pgrogan/.local/share/nvim/site/pack/packer/start/orgmode.nvim/ftdetect/org_archive.vim
117.781  000.046  000.046: sourcing /home/pgrogan/.local/share/nvim/site/pack/packer/start/plenary.nvim/plugin/plenary.vim
118.371  000.316  000.316: sourcing /home/pgrogan/.local/share/nvim/site/pack/packer/start/telescope.nvim/plugin/telescope.vim
118.706  000.030  000.030: sourcing /home/pgrogan/.local/share/nvim/site/pack/packer/start/todo-comments.nvim/plugin/todo.vim
120.580  001.579  001.579: sourcing /home/pgrogan/.local/share/nvim/site/pack/packer/start/vim-fugitive/plugin/fugitive.vim
120.803  000.016  000.016: sourcing /home/pgrogan/.local/share/nvim/site/pack/packer/start/vim-fugitive/ftdetect/fugitive.vim
121.151  000.137  000.137: sourcing /home/pgrogan/.local/share/nvim/site/pack/packer/start/vim-which-key/plugin/which_key.vim
121.451  006.445: loading packages
126.462  004.846  004.846: sourcing /home/pgrogan/.local/share/nvim/site/pack/packer/start/nvim-compe/after/plugin/compe.vim
126.878  000.581: loading after plugins
126.894  000.015: inits 3
129.453  002.560: reading ShaDa
130.783  001.329: opening buffers
131.009  000.227: BufEnter autocommands
131.015  000.005: editing files in windows
134.739  000.132  000.132: sourcing /home/pgrogan/.local/share/nvim/site/pack/packer/start/dashboard-nvim/autoload/dashboard.vim
135.284  000.079  000.079: sourcing /home/pgrogan/.local/share/nvim/site/pack/packer/start/barbar.nvim/autoload/bufferline/animate.vim
135.884  000.027  000.027: sourcing /home/pgrogan/.local/share/nvim/site/pack/packer/start/dashboard-nvim/autoload/dashboard/utils.vim
136.150  000.062  000.062: sourcing /home/pgrogan/.local/share/nvim/site/pack/packer/start/dashboard-nvim/autoload/dashboard/header.vim
137.222  000.125  000.125: sourcing /home/pgrogan/.local/share/nvim/site/pack/packer/start/dashboard-nvim/autoload/dashboard/section.vim
143.509  005.035  005.035: sourcing /home/pgrogan/.local/bin/neovim/share/nvim/runtime/autoload/provider/clipboard.vim
151.250  000.172  000.172: sourcing /home/pgrogan/.local/share/nvim/site/pack/packer/start/dashboard-nvim/syntax/dashboard.vim
152.079  000.030  000.030: sourcing /home/pgrogan/.local/share/nvim/site/pack/packer/start/dashboard-nvim/syntax/dashboard.vim
155.983  019.306: VimEnter autocommands
155.993  000.010: UIEnter autocommands
156.001  000.007: before starting main loop
20554.860  20398.860: first screen update
20554.871  000.010: --- NVIM STARTED ---


times in msec
 clock   self+sourced   self:  sourced script
 clock   elapsed:              other lines

000.008  000.008: --- NVIM STARTING ---
000.348  000.340: locale set
000.731  000.383: inits 1
000.746  000.015: window checked
000.750  000.004: parsing arguments
000.895  000.145: expanding arguments
000.957  000.062: inits 2
001.378  000.422: init highlight
001.382  000.003: waiting for UI
003.031  001.650: done waiting for UI
003.100  000.069: initialized screen early for UI
030.197  026.657  026.657: sourcing /home/pgrogan/.config/nvim/init.lua
030.221  000.464: sourcing vimrc file(s)
037.916  000.028  000.028: sourcing /home/pgrogan/.local/share/nvim/site/pack/packer/start/nvim-treesitter/ftdetect/gdscript.vim
038.026  000.021  000.021: sourcing /home/pgrogan/.local/share/nvim/site/pack/packer/start/nvim-treesitter/ftdetect/gomod.vim
038.143  000.032  000.032: sourcing /home/pgrogan/.local/share/nvim/site/pack/packer/start/nvim-treesitter/ftdetect/query.vim
038.241  000.016  000.016: sourcing /home/pgrogan/.local/share/nvim/site/pack/packer/start/orgmode.nvim/ftdetect/org.vim
038.340  000.018  000.018: sourcing /home/pgrogan/.local/share/nvim/site/pack/packer/start/orgmode.nvim/ftdetect/org_archive.vim
038.441  000.020  000.020: sourcing /home/pgrogan/.local/share/nvim/site/pack/packer/start/vim-fugitive/ftdetect/fugitive.vim
039.259  008.931  008.796: sourcing /home/pgrogan/.local/bin/neovim/share/nvim/runtime/filetype.vim
039.777  000.044  000.044: sourcing /home/pgrogan/.local/bin/neovim/share/nvim/runtime/ftplugin.vim
040.261  000.039  000.039: sourcing /home/pgrogan/.local/bin/neovim/share/nvim/runtime/indent.vim
041.146  000.273  000.273: sourcing /home/pgrogan/.local/bin/neovim/share/nvim/runtime/syntax/syncolor.vim
041.571  000.803  000.530: sourcing /home/pgrogan/.local/bin/neovim/share/nvim/runtime/syntax/synload.vim
041.652  000.997  000.194: sourcing /home/pgrogan/.local/bin/neovim/share/nvim/runtime/syntax/syntax.vim
047.215  000.421  000.421: sourcing /home/pgrogan/.local/bin/neovim/share/nvim/runtime/plugin/gzip.vim
047.327  000.022  000.022: sourcing /home/pgrogan/.local/bin/neovim/share/nvim/runtime/plugin/health.vim
047.533  000.128  000.128: sourcing /home/pgrogan/.local/bin/neovim/share/nvim/runtime/plugin/man.vim
049.337  000.198  000.198: sourcing /home/pgrogan/.local/bin/neovim/share/nvim/runtime/pack/dist/opt/matchit/plugin/matchit.vim
049.514  001.911  001.713: sourcing /home/pgrogan/.local/bin/neovim/share/nvim/runtime/plugin/matchit.vim
049.758  000.177  000.177: sourcing /home/pgrogan/.local/bin/neovim/share/nvim/runtime/plugin/matchparen.vim
050.304  000.472  000.472: sourcing /home/pgrogan/.local/bin/neovim/share/nvim/runtime/plugin/netrwPlugin.vim
050.616  000.026  000.026: sourcing /home/pgrogan/.local/share/nvim/rplugin.vim
050.631  000.226  000.200: sourcing /home/pgrogan/.local/bin/neovim/share/nvim/runtime/plugin/rplugin.vim
050.854  000.149  000.149: sourcing /home/pgrogan/.local/bin/neovim/share/nvim/runtime/plugin/shada.vim
050.968  000.029  000.029: sourcing /home/pgrogan/.local/bin/neovim/share/nvim/runtime/plugin/spellfile.vim
051.240  000.180  000.180: sourcing /home/pgrogan/.local/bin/neovim/share/nvim/runtime/plugin/tarPlugin.vim
051.445  000.100  000.100: sourcing /home/pgrogan/.local/bin/neovim/share/nvim/runtime/plugin/tohtml.vim
051.571  000.028  000.028: sourcing /home/pgrogan/.local/bin/neovim/share/nvim/runtime/plugin/tutor.vim
051.881  000.219  000.219: sourcing /home/pgrogan/.local/bin/neovim/share/nvim/runtime/plugin/zipPlugin.vim
054.604  000.179  000.179: sourcing /home/pgrogan/.local/bin/neovim/share/nvim/runtime/syntax/syncolor.vim
055.542  000.154  000.154: sourcing /home/pgrogan/.local/bin/neovim/share/nvim/runtime/syntax/syncolor.vim
056.320  000.179  000.179: sourcing /home/pgrogan/.local/bin/neovim/share/nvim/runtime/syntax/syncolor.vim
060.995  000.166  000.166: sourcing /home/pgrogan/.local/bin/neovim/share/nvim/runtime/syntax/syncolor.vim
062.087  000.168  000.168: sourcing /home/pgrogan/.local/bin/neovim/share/nvim/runtime/syntax/syncolor.vim
062.818  000.137  000.137: sourcing /home/pgrogan/.local/bin/neovim/share/nvim/runtime/syntax/syncolor.vim
064.350  005.840  005.369: sourcing /home/pgrogan/.local/share/nvim/site/pack/packer/start/material.nvim/colors/material.vim
064.361  012.165  005.812: sourcing /home/pgrogan/.config/nvim/plugin/coloscheme.lua
064.499  000.046  000.046: sourcing /home/pgrogan/.config/nvim/plugin/dashboard.lua
065.813  001.219  001.219: sourcing /home/pgrogan/.config/nvim/plugin/galaxyline.lua
074.090  008.201  008.201: sourcing /home/pgrogan/.config/nvim/plugin/git.lua
084.827  010.600  010.600: sourcing /home/pgrogan/.config/nvim/plugin/lsp.lua
085.003  000.065  000.065: sourcing /home/pgrogan/.config/nvim/plugin/navigation.lua
085.490  000.399  000.399: sourcing /home/pgrogan/.config/nvim/plugin/nvimtree.lua
087.576  001.981  001.981: sourcing /home/pgrogan/.config/nvim/plugin/packer_compiled.lua
087.927  000.238  000.238: sourcing /home/pgrogan/.config/nvim/plugin/sets.lua
089.437  000.409  000.409: sourcing /home/pgrogan/.local/share/nvim/site/pack/packer/start/vim-which-key/autoload/which_key.vim
089.486  001.458  001.050: sourcing /home/pgrogan/.config/nvim/plugin/whichkey.lua
089.787  009.121: loading plugins
090.681  000.028  000.028: sourcing /home/pgrogan/.local/share/nvim/site/pack/packer/start/barbar.nvim/autoload/bufferline.vim
091.343  000.078  000.078: sourcing /home/pgrogan/.local/share/nvim/site/pack/packer/start/barbar.nvim/autoload/bufferline/highlight.vim
097.626  007.394  007.288: sourcing /home/pgrogan/.local/share/nvim/site/pack/packer/start/barbar.nvim/plugin/bufferline.vim
098.299  000.341  000.341: sourcing /home/pgrogan/.local/share/nvim/site/pack/packer/start/dashboard-nvim/plugin/dashboard.vim
098.767  000.189  000.189: sourcing /home/pgrogan/.local/share/nvim/site/pack/packer/start/galaxyline.nvim/plugin/galaxyline.vim
099.546  000.397  000.397: sourcing /home/pgrogan/.local/share/nvim/site/pack/packer/start/lspsaga.nvim/plugin/lspsaga.vim
099.956  000.044  000.044: sourcing /home/pgrogan/.local/share/nvim/site/pack/packer/start/nvim-colorizer.lua/plugin/colorizer.vim
100.365  000.155  000.155: sourcing /home/pgrogan/.local/share/nvim/site/pack/packer/start/nvim-compe/plugin/compe.vim
100.707  000.085  000.085: sourcing /home/pgrogan/.local/share/nvim/site/pack/packer/start/nvim-lspconfig/plugin/lspconfig.vim
101.031  000.061  000.061: sourcing /home/pgrogan/.local/share/nvim/site/pack/packer/start/nvim-lspinstall/plugin/lspinstall.vim
101.392  000.110  000.110: sourcing /home/pgrogan/.local/share/nvim/site/pack/packer/start/nvim-tree.lua/plugin/tree.vim
104.206  002.588  002.588: sourcing /home/pgrogan/.local/share/nvim/site/pack/packer/start/nvim-treesitter/plugin/nvim-treesitter.vim
104.471  000.025  000.025: sourcing /home/pgrogan/.local/share/nvim/site/pack/packer/start/nvim-treesitter/ftdetect/gdscript.vim
104.568  000.023  000.023: sourcing /home/pgrogan/.local/share/nvim/site/pack/packer/start/nvim-treesitter/ftdetect/gomod.vim
104.673  000.028  000.028: sourcing /home/pgrogan/.local/share/nvim/site/pack/packer/start/nvim-treesitter/ftdetect/query.vim
105.130  000.246  000.246: sourcing /home/pgrogan/.local/share/nvim/site/pack/packer/start/nvim-ts-rainbow/plugin/rainbow.vim
105.480  000.059  000.059: sourcing /home/pgrogan/.local/share/nvim/site/pack/packer/start/nvim-web-devicons/plugin/nvim-web-devicons.vim
105.831  000.023  000.023: sourcing /home/pgrogan/.local/share/nvim/site/pack/packer/start/orgmode.nvim/ftdetect/org.vim
105.921  000.015  000.015: sourcing /home/pgrogan/.local/share/nvim/site/pack/packer/start/orgmode.nvim/ftdetect/org_archive.vim
106.239  000.047  000.047: sourcing /home/pgrogan/.local/share/nvim/site/pack/packer/start/plenary.nvim/plugin/plenary.vim
107.021  000.448  000.448: sourcing /home/pgrogan/.local/share/nvim/site/pack/packer/start/telescope.nvim/plugin/telescope.vim
107.327  000.029  000.029: sourcing /home/pgrogan/.local/share/nvim/site/pack/packer/start/todo-comments.nvim/plugin/todo.vim
109.267  001.613  001.613: sourcing /home/pgrogan/.local/share/nvim/site/pack/packer/start/vim-fugitive/plugin/fugitive.vim
109.558  000.017  000.017: sourcing /home/pgrogan/.local/share/nvim/site/pack/packer/start/vim-fugitive/ftdetect/fugitive.vim
109.899  000.128  000.128: sourcing /home/pgrogan/.local/share/nvim/site/pack/packer/start/vim-which-key/plugin/which_key.vim
110.140  006.287: loading packages
115.586  005.245  005.245: sourcing /home/pgrogan/.local/share/nvim/site/pack/packer/start/nvim-compe/after/plugin/compe.vim
115.939  000.555: loading after plugins
115.954  000.014: inits 3
118.681  002.727: reading ShaDa
119.905  001.224: opening buffers
134.256  014.351: BufEnter autocommands
134.264  000.008: editing files in windows
136.997  000.146  000.146: sourcing /home/pgrogan/.local/share/nvim/site/pack/packer/start/dashboard-nvim/autoload/dashboard.vim
137.552  000.061  000.061: sourcing /home/pgrogan/.local/share/nvim/site/pack/packer/start/barbar.nvim/autoload/bufferline/animate.vim
138.244  000.027  000.027: sourcing /home/pgrogan/.local/share/nvim/site/pack/packer/start/dashboard-nvim/autoload/dashboard/utils.vim
138.525  000.051  000.051: sourcing /home/pgrogan/.local/share/nvim/site/pack/packer/start/dashboard-nvim/autoload/dashboard/header.vim
139.673  000.137  000.137: sourcing /home/pgrogan/.local/share/nvim/site/pack/packer/start/dashboard-nvim/autoload/dashboard/section.vim
147.506  006.553  006.553: sourcing /home/pgrogan/.local/bin/neovim/share/nvim/runtime/autoload/provider/clipboard.vim
154.211  000.164  000.164: sourcing /home/pgrogan/.local/share/nvim/site/pack/packer/start/dashboard-nvim/syntax/dashboard.vim
154.592  000.013  000.013: sourcing /home/pgrogan/.local/share/nvim/site/pack/packer/start/dashboard-nvim/syntax/dashboard.vim
156.328  014.913: VimEnter autocommands
156.334  000.006: UIEnter autocommands
156.339  000.005: before starting main loop
158.652  002.313: first screen update
158.656  000.004: --- NVIM STARTED ---
