08/05/22 (14:21:53) | ERROR: [Errno 2] No such file or directory: '/home/patrick/.config/bpytop/themes'
Traceback (most recent call last):
  File "/usr/bin/bpytop", line 1357, in refresh
    for f in os.listdir(d):
FileNotFoundError: [Errno 2] No such file or directory: '/home/patrick/.config/bpytop/themes'
09/05/22 (12:00:26) | ERROR: [Errno 2] No such file or directory: '/home/patrick/.config/bpytop/themes'
Traceback (most recent call last):
  File "/usr/bin/bpytop", line 1357, in refresh
    for f in os.listdir(d):
FileNotFoundError: [Errno 2] No such file or directory: '/home/patrick/.config/bpytop/themes'
09/05/22 (12:19:23) | ERROR: [Errno 2] No such file or directory: '/home/patrick/.config/bpytop/themes'
Traceback (most recent call last):
  File "/usr/bin/bpytop", line 1357, in refresh
    for f in os.listdir(d):
FileNotFoundError: [Errno 2] No such file or directory: '/home/patrick/.config/bpytop/themes'
01/08/22 (13:40:08) | ERROR: [Errno 2] No such file or directory: '/home/patrick/.config/bpytop/themes'
Traceback (most recent call last):
  File "/usr/bin/bpytop", line 1357, in refresh
    for f in os.listdir(d):
FileNotFoundError: [Errno 2] No such file or directory: '/home/patrick/.config/bpytop/themes'
